<?xml version="1.0" encoding="UTF-8"?>
<!-- Generated by org.testng.reporters.JUnitReportReporter -->
<testsuite hostname="Amlan_laptop" failures="0" tests="1" name="testCases.TC001_AccountRegistrationTest" time="2.792" errors="0" timestamp="2025-09-24T23:26:38 IST" skipped="0">
  <testcase classname="testCases.TC001_AccountRegistrationTest" name="testAccountRegistration" time="2.792"/>
</testsuite> <!-- testCases.TC001_AccountRegistrationTest -->
