<?xml version="1.0" encoding="UTF-8"?>
<!-- Generated by org.testng.reporters.JUnitReportReporter -->
<testsuite hostname="Amlan_laptop" failures="0" tests="1" name="testCases.TC002_LoginTest" time="3.412" errors="0" timestamp="2025-09-24T23:26:38 IST" skipped="0">
  <testcase classname="testCases.TC002_LoginTest" name="testLogin" time="3.412"/>
</testsuite> <!-- testCases.TC002_LoginTest -->
