<?xml version="1.0" encoding="UTF-8"?>
<!-- Generated by org.testng.reporters.JUnitReportReporter -->
<testsuite hostname="Amlan_laptop" failures="0" tests="6" name="testCases.TC003_LoginDataDrivenTest" time="53.171" errors="0" timestamp="2025-09-22T22:34:35 IST" skipped="0">
  <testcase classname="testCases.TC003_LoginDataDrivenTest" name="testLoginDDT" time="12.138"/>
  <testcase classname="testCases.TC003_LoginDataDrivenTest" name="testLoginDDT" time="11.978"/>
  <testcase classname="testCases.TC003_LoginDataDrivenTest" name="testLoginDDT" time="12.135"/>
  <testcase classname="testCases.TC003_LoginDataDrivenTest" name="testLoginDDT" time="2.363"/>
  <testcase classname="testCases.TC003_LoginDataDrivenTest" name="testLoginDDT" time="12.101"/>
  <testcase classname="testCases.TC003_LoginDataDrivenTest" name="testLoginDDT" time="2.456"/>
</testsuite> <!-- testCases.TC003_LoginDataDrivenTest -->
